5.6489 	EXP 	Created window1 = Window(allowGUI=True, allowStencil=False, autoLog=True, backendConf=UNKNOWN, backgroundFit=<method-wrapper '__getattribute__' of attributeSetter object at 0x0000019187579C40>, backgroundImage=<method-wrapper '__getattribute__' of attributeSetter object at 0x0000019187579BE0>, bitsMode=UNKNOWN, blendMode='avg', bpc=(8, 8, 8), color=array([0, 0, 0]), colorSpace='rgb', depthBits=8, fullscr=<method-wrapper '__getattribute__' of attributeSetter object at 0x0000019187579A30>, gamma=None, gammaErrorPolicy='raise', lms=UNKNOWN, monitor=<psychopy.monitors.calibTools.Monitor object at 0x00000191879180D0>, multiSample=False, name='window1', numSamples=2, pos=(192, 108), screen=0, size=array([1536,  864]), stencilBits=0, stereo=False, title='PsychoPy', units='height', useFBO=True, useRetina=False, viewOri=0.0, viewPos=None, viewScale=None, waitBlanking=True, winType='pyglet')
5.6490 	EXP 	window1: mouseVisible = True
5.6490 	EXP 	window1: backgroundImage = ''
5.6490 	EXP 	window1: backgroundFit = 'none'
5.6504 	EXP 	window1: Attempting to measure frame rate of screen (0) ...
5.6504 	EXP 	window1: recordFrameIntervals = False
5.8147 	EXP 	window1: recordFrameIntervals = True
5.9978 	EXP 	Screen (0) actual frame rate measured at 60.10Hz
5.9978 	EXP 	window1: recordFrameIntervals = False
5.9979 	EXP 	window1: mouseVisible = True
6.0092 	WARNING 	launchHubServer: If using the iohub mouse or eyetracker devices, fullScr should be True.
7.7660 	EXP 	ssr_1: status = STARTED
7.7663 	EXP 	window1: mouseVisible = True
7.8109 	EXP 	Created text = TextStim(__class__=<class 'psychopy.visual.text.TextStim'>, alignHoriz=method-wrapper(...), alignText='center', alignVert=method-wrapper(...), anchorHoriz='center', anchorVert='center', antialias=True, autoDraw=False, autoLog=True, bold=False, color=array([1., 1., 1.]), colorSpace='rgb', contrast=1.0, depth=0.0, draggable=False, flipHoriz=False, flipVert=False, font='Open Sans', fontFiles=[], height=0.05, italic=False, languageStyle='LTR', name='text', opacity=1.0, ori=0.0, pos=array([0., 0.]), rgb=UNKNOWN, text=str(...), units='height', win=Window(...), wrapWidth=1)
7.8110 	EXP 	window1: mouseVisible = True
7.8193 	EXP 	Created text_2 = TextStim(__class__=<class 'psychopy.visual.text.TextStim'>, alignHoriz=method-wrapper(...), alignText='center', alignVert=method-wrapper(...), anchorHoriz='center', anchorVert='center', antialias=True, autoDraw=False, autoLog=True, bold=False, color=array([1., 1., 1.]), colorSpace='rgb', contrast=1.0, depth=0.0, draggable=False, flipHoriz=False, flipVert=False, font='Open Sans', fontFiles=[], height=0.05, italic=False, languageStyle='LTR', name='text_2', opacity=1.0, ori=0.0, pos=array([0., 0.]), rgb=UNKNOWN, text=str(...), units='height', win=Window(...), wrapWidth=1)
7.8194 	EXP 	window1: mouseVisible = True
7.8214 	EXP 	Created figura = ImageStim(__class__=<class 'psychopy.visual.image.ImageStim'>, anchor=('center', 'center'), autoLog=True, color=array([1., 1., 1.]), colorSpace='rgb', contrast=1.0, depth=0.0, draggable=False, flipHoriz=False, flipVert=False, image=None, interpolate=True, mask=None, maskParams=None, name='figura', opacity=1.0, ori=0.0, pos=array([0., 0.]), size=array([0.5, 0.5]), texRes=128.0, units='height', win=Window(...))
7.8215 	EXP 	window1: mouseVisible = True
7.8246 	EXP 	Created polygon = ShapeStim(__class__=<class 'psychopy.visual.shape.ShapeStim'>, anchor=('center', 'center'), autoDraw=False, autoLog=True, closeShape=True, color=method-wrapper(...), colorSpace='rgb', contrast=None, depth=0.0, draggable=False, fillColor=array([1, 1, 1]), fillColorSpace='rgb', fillRGB=array([1, 1, 1]), interpolate=True, lineColor=array([1., 1., 1.]), lineColorSpace='rgb', lineRGB=array([1, 1, 1]), lineWidth=1.0, name='polygon', opacity=1.0, ori=0.0, pos=array([0., 0.]), size=array([0.01, 0.01]), units='height', vertices=ndarray(...), win=Window(...), windingRule=None)
0.0447 	EXP 	text: autoDraw = True
1.7260 	DATA 	Mouse: Left button down, pos=(843,428)
1.7916 	DATA 	Mouse:  Left button up, pos=(843,428)
1.9583 	DATA 	Keypress: return
1.9729 	EXP 	text: autoDraw = False
1.9729 	EXP 	text_2: autoDraw = True
2.9623 	EXP 	Imported Images/conditions.xlsx as conditions, 24 conditions, 2 params
2.9628 	EXP 	Created sequence: random, trialTypes=24, nReps=2, seed=None
2.9630 	EXP 	New trial (rep=0, index=0): {'Stimulus': '2.png', 'Target': 1}
2.9804 	EXP 	window1: mouseVisible = True
