5.8700 	EXP 	Created window1 = Window(allowGUI=True, allowStencil=False, autoLog=True, backendConf=UNKNOWN, backgroundFit=<method-wrapper '__getattribute__' of attributeSetter object at 0x000001B04D52FF40>, backgroundImage=<method-wrapper '__getattribute__' of attributeSetter object at 0x000001B04D52FEE0>, bitsMode=UNKNOWN, blendMode='avg', bpc=(8, 8, 8), color=array([0, 0, 0]), colorSpace='rgb', depthBits=8, fullscr=<method-wrapper '__getattribute__' of attributeSetter object at 0x000001B04D52FD00>, gamma=None, gammaErrorPolicy='raise', lms=UNKNOWN, monitor=<psychopy.monitors.calibTools.Monitor object at 0x000001B04D8E7A00>, multiSample=False, name='window1', numSamples=2, pos=(192, 108), screen=0, size=array([1536,  864]), stencilBits=0, stereo=False, title='PsychoPy', units='height', useFBO=True, useRetina=False, viewOri=0.0, viewPos=None, viewScale=None, waitBlanking=True, winType='pyglet')
5.8701 	EXP 	window1: mouseVisible = True
5.8701 	EXP 	window1: backgroundImage = ''
5.8701 	EXP 	window1: backgroundFit = 'none'
5.8715 	EXP 	window1: Attempting to measure frame rate of screen (0) ...
5.8716 	EXP 	window1: recordFrameIntervals = False
6.0365 	EXP 	window1: recordFrameIntervals = True
6.2204 	EXP 	Screen (0) actual frame rate measured at 59.92Hz
6.2204 	EXP 	window1: recordFrameIntervals = False
6.2205 	EXP 	window1: mouseVisible = True
6.2316 	WARNING 	launchHubServer: If using the iohub mouse or eyetracker devices, fullScr should be True.
7.9959 	EXP 	ssr_1: status = STARTED
7.9962 	EXP 	window1: mouseVisible = True
8.0443 	EXP 	Created text = TextStim(__class__=<class 'psychopy.visual.text.TextStim'>, alignHoriz=method-wrapper(...), alignText='center', alignVert=method-wrapper(...), anchorHoriz='center', anchorVert='center', antialias=True, autoDraw=False, autoLog=True, bold=False, color=array([1., 1., 1.]), colorSpace='rgb', contrast=1.0, depth=0.0, draggable=False, flipHoriz=False, flipVert=False, font='Open Sans', fontFiles=[], height=0.05, italic=False, languageStyle='LTR', name='text', opacity=1.0, ori=0.0, pos=array([0., 0.]), rgb=UNKNOWN, text=str(...), units='height', win=Window(...), wrapWidth=1)
8.0444 	EXP 	window1: mouseVisible = True
8.0529 	EXP 	Created text_2 = TextStim(__class__=<class 'psychopy.visual.text.TextStim'>, alignHoriz=method-wrapper(...), alignText='center', alignVert=method-wrapper(...), anchorHoriz='center', anchorVert='center', antialias=True, autoDraw=False, autoLog=True, bold=False, color=array([1., 1., 1.]), colorSpace='rgb', contrast=1.0, depth=0.0, draggable=False, flipHoriz=False, flipVert=False, font='Open Sans', fontFiles=[], height=0.05, italic=False, languageStyle='LTR', name='text_2', opacity=1.0, ori=0.0, pos=array([0., 0.]), rgb=UNKNOWN, text=str(...), units='height', win=Window(...), wrapWidth=1)
8.0533 	EXP 	window1: mouseVisible = True
8.0629 	EXP 	Created figura = ImageStim(__class__=<class 'psychopy.visual.image.ImageStim'>, anchor=('center', 'center'), autoLog=True, color=array([1., 1., 1.]), colorSpace='rgb', contrast=1.0, depth=0.0, draggable=False, flipHoriz=False, flipVert=False, image='default.png', interpolate=True, mask=None, maskParams=None, name='figura', opacity=1.0, ori=0.0, pos=array([0., 0.]), size=array([0.5, 0.5]), texRes=128.0, units='height', win=Window(...))
8.0631 	EXP 	window1: mouseVisible = True
8.0666 	EXP 	Created polygon = ShapeStim(__class__=<class 'psychopy.visual.shape.ShapeStim'>, anchor=('center', 'center'), autoDraw=False, autoLog=True, closeShape=True, color=method-wrapper(...), colorSpace='rgb', contrast=None, depth=0.0, draggable=False, fillColor=array([1, 1, 1]), fillColorSpace='rgb', fillRGB=array([1, 1, 1]), interpolate=True, lineColor=array([1., 1., 1.]), lineColorSpace='rgb', lineRGB=array([1, 1, 1]), lineWidth=1.0, name='polygon', opacity=1.0, ori=0.0, pos=array([0., 0.]), size=array([0.01, 0.01]), units='height', vertices=ndarray(...), win=Window(...), windingRule=None)
0.0415 	EXP 	text: autoDraw = True
1.2920 	DATA 	Mouse: Left button down, pos=(1186,36)
1.3550 	DATA 	Mouse:  Left button up, pos=(1186,36)
2.0222 	DATA 	Keypress: return
2.0364 	EXP 	text: autoDraw = False
2.0364 	EXP 	text_2: autoDraw = True
3.0253 	EXP 	Imported conditions.xlsx as conditions, 24 conditions, 2 params
3.0258 	EXP 	Created sequence: random, trialTypes=24, nReps=2, seed=None
3.0259 	EXP 	New trial (rep=0, index=0): {'Stimulus': '8.png', 'Target': 0}
3.0703 	EXP 	text_2: autoDraw = False
3.0703 	EXP 	text_2: autoDraw = False
3.0703 	EXP 	figura: image = '8.png'
3.0703 	EXP 	figura: autoDraw = True
3.8388 	DATA 	Keypress: space
3.8698 	EXP 	figura: autoDraw = False
3.8698 	EXP 	polygon: autoDraw = True
4.3540 	EXP 	New trial (rep=0, index=1): {'Stimulus': '16.png', 'Target': 0}
4.3699 	EXP 	polygon: autoDraw = False
4.3699 	EXP 	polygon: autoDraw = False
4.3699 	EXP 	figura: image = '16.png'
4.3699 	EXP 	figura: autoDraw = True
5.8694 	EXP 	figura: autoDraw = False
5.8694 	EXP 	figura: autoDraw = False
5.8694 	EXP 	polygon: autoDraw = True
6.3539 	EXP 	New trial (rep=0, index=2): {'Stimulus': '6.png', 'Target': 0}
6.3698 	EXP 	polygon: autoDraw = False
6.3698 	EXP 	polygon: autoDraw = False
6.3698 	EXP 	figura: image = '6.png'
6.3698 	EXP 	figura: autoDraw = True
7.3043 	DATA 	Keypress: escape
7.4368 	EXP 	ssr_1: status = STOPPED
7.4525 	EXP 	figura: autoDraw = False
7.4526 	EXP 	ssr_1: status = STOPPED
7.4881 	EXP 	window1: mouseVisible = True
