16.6639 	INFO 	Loaded monitor calibration from ['2024_02_16 11:04']
17.4821 	DEBUG 	TextBox2 loaded 1 chars with 0 blanks and 1 valid
17.4837 	DEBUG 	TextBox2 loaded 1 chars with 0 blanks and 1 valid
17.4852 	DEBUG 	TextBox2 loaded 1 chars with 0 blanks and 1 valid
17.4875 	DEBUG 	TextBox2 loaded 1 chars with 0 blanks and 1 valid
17.4894 	DEBUG 	TextBox2 loaded 1 chars with 0 blanks and 1 valid
17.4905 	DEBUG 	TextBox2 loaded 1 chars with 0 blanks and 1 valid
17.4922 	DEBUG 	TextBox2 loaded 1 chars with 0 blanks and 1 valid
17.4945 	DEBUG 	TextBox2 loaded 1 chars with 0 blanks and 1 valid
17.4956 	DEBUG 	TextBox2 loaded 1 chars with 0 blanks and 1 valid
17.4965 	DEBUG 	TextBox2 loaded 1 chars with 0 blanks and 1 valid
17.4981 	DEBUG 	TextBox2 loaded 1 chars with 0 blanks and 1 valid
17.4996 	DEBUG 	TextBox2 loaded 1 chars with 0 blanks and 1 valid
17.5014 	DEBUG 	TextBox2 loaded 1 chars with 0 blanks and 1 valid
17.5030 	DEBUG 	TextBox2 loaded 1 chars with 0 blanks and 1 valid
17.5043 	DEBUG 	TextBox2 loaded 1 chars with 0 blanks and 1 valid
17.5063 	DEBUG 	TextBox2 loaded 1 chars with 0 blanks and 1 valid
17.5079 	DEBUG 	TextBox2 loaded 1 chars with 0 blanks and 1 valid
17.5089 	DEBUG 	TextBox2 loaded 1 chars with 0 blanks and 1 valid
17.5100 	DEBUG 	TextBox2 loaded 1 chars with 0 blanks and 1 valid
17.5122 	DEBUG 	TextBox2 loaded 1 chars with 0 blanks and 1 valid
17.5133 	DEBUG 	TextBox2 loaded 1 chars with 0 blanks and 1 valid
17.5136 	DEBUG 	Uploading Texture Font fontname to graphics card
17.5253 	DEBUG 	Upload of Texture Font fontname complete
17.5425 	DEBUG 	TextBox2 loaded 1 chars with 0 blanks and 1 valid
17.5446 	DEBUG 	TextBox2 loaded 1 chars with 0 blanks and 1 valid
17.5465 	DEBUG 	TextBox2 loaded 1 chars with 0 blanks and 1 valid
17.5468 	DEBUG 	Uploading Texture Font fontname to graphics card
17.5631 	DEBUG 	Upload of Texture Font fontname complete
17.9151 	EXP 	Created window1 = Window(allowGUI=True, allowStencil=False, autoLog=True, backendConf=UNKNOWN, backgroundFit=<method-wrapper '__getattribute__' of attributeSetter object at 0x000001AB42FDE3D0>, backgroundImage=<method-wrapper '__getattribute__' of attributeSetter object at 0x000001AB42FDE370>, bitsMode=UNKNOWN, blendMode='avg', bpc=(8, 8, 8), color=array([0, 0, 0]), colorSpace='rgb', depthBits=8, fullscr=<method-wrapper '__getattribute__' of attributeSetter object at 0x000001AB42FDE1C0>, gamma=None, gammaErrorPolicy='raise', lms=UNKNOWN, monitor=<psychopy.monitors.calibTools.Monitor object at 0x000001AB43374EB0>, multiSample=False, name='window1', numSamples=2, pos=(192, 108), screen=0, size=array([1536,  864]), stencilBits=0, stereo=False, title='PsychoPy', units='height', useFBO=True, useRetina=False, viewOri=0.0, viewPos=None, viewScale=None, waitBlanking=True, winType='pyglet')
17.9152 	EXP 	window1: mouseVisible = True
17.9152 	EXP 	window1: backgroundImage = ''
17.9152 	EXP 	window1: backgroundFit = 'none'
17.9166 	EXP 	window1: Attempting to measure frame rate of screen (0) ...
17.9167 	EXP 	window1: recordFrameIntervals = False
18.0816 	EXP 	window1: recordFrameIntervals = True
18.2650 	EXP 	Screen (0) actual frame rate measured at 60.07Hz
18.2650 	EXP 	window1: recordFrameIntervals = False
18.2653 	EXP 	window1: mouseVisible = True
18.3557 	WARNING 	launchHubServer: If using the iohub mouse or eyetracker devices, fullScr should be True.
20.6335 	INFO 	keyboard.Keyboard is using iohub backend.
20.6336 	EXP 	intropy_demo: status = STARTED
20.6338 	EXP 	window1: mouseVisible = True
20.7744 	EXP 	Created hello = TextStim(__class__=<class 'psychopy.visual.text.TextStim'>, alignHoriz=method-wrapper(...), alignText='center', alignVert=method-wrapper(...), anchorHoriz='center', anchorVert='center', antialias=True, autoDraw=False, autoLog=True, bold=False, color=array([1., 1., 1.]), colorSpace='rgb', contrast=1.0, depth=0.0, draggable=False, flipHoriz=False, flipVert=False, font='Arial', fontFiles=[], height=0.1, italic=False, languageStyle='LTR', name='hello', opacity=1.0, ori=0, pos=array([0., 0.]), rgb=UNKNOWN, text='Hello, dear Python aficionado.', units='height', win=Window(...), wrapWidth=1)
20.7745 	EXP 	window1: mouseVisible = True
20.7850 	EXP 	Created welcome = TextStim(__class__=<class 'psychopy.visual.text.TextStim'>, alignHoriz=method-wrapper(...), alignText='center', alignVert=method-wrapper(...), anchorHoriz='center', anchorVert='center', antialias=True, autoDraw=False, autoLog=True, bold=False, color=array([1., 1., 1.]), colorSpace='rgb', contrast=1.0, depth=-1.0, draggable=False, flipHoriz=False, flipVert=False, font='Arial', fontFiles=[], height=0.1, italic=False, languageStyle='LTR', name='welcome', opacity=1.0, ori=0, pos=array([0., 0.]), rgb=UNKNOWN, text=str(...), units='height', win=Window(...), wrapWidth=1)
20.7851 	EXP 	window1: mouseVisible = True
20.7989 	EXP 	Created wait_key = TextStim(__class__=<class 'psychopy.visual.text.TextStim'>, alignHoriz=method-wrapper(...), alignText='center', alignVert=method-wrapper(...), anchorHoriz='center', anchorVert='center', antialias=True, autoDraw=False, autoLog=True, bold=False, color=array([1., 1., 1.]), colorSpace='rgb', contrast=1.0, depth=-2.0, draggable=False, flipHoriz=False, flipVert=False, font='Arial', fontFiles=[], height=0.075, italic=False, languageStyle='LTR', name='wait_key', opacity=1.0, ori=0, pos=array([0., 0.]), rgb=UNKNOWN, text=str(...), units='height', win=Window(...), wrapWidth=1)
20.7989 	INFO 	keyboard.Keyboard is using iohub backend.
20.7990 	EXP 	window1: mouseVisible = True
20.8085 	EXP 	Created stim = ImageStim(__class__=<class 'psychopy.visual.image.ImageStim'>, anchor=('center', 'center'), autoLog=True, color=array([1., 1., 1.]), colorSpace='rgb', contrast=1.0, depth=0.0, draggable=False, flipHoriz=False, flipVert=False, image='default.png', interpolate=True, mask=None, maskParams=None, name='stim', opacity=1.0, ori=0.0, pos=array([0., 0.]), size=array([0.5, 0.5]), texRes=512, units='height', win=Window(...))
20.8086 	EXP 	window1: mouseVisible = True
20.8185 	EXP 	Created gabor_txt = TextStim(__class__=<class 'psychopy.visual.text.TextStim'>, alignHoriz=method-wrapper(...), alignText='center', alignVert=method-wrapper(...), anchorHoriz='center', anchorVert='center', antialias=True, autoDraw=False, autoLog=True, bold=False, color=array([1., 1., 1.]), colorSpace='rgb', contrast=1.0, depth=0.0, draggable=False, flipHoriz=False, flipVert=False, font='Arial', fontFiles=[], height=0.1, italic=False, languageStyle='LTR', name='gabor_txt', opacity=1.0, ori=0, pos=array([0., 0.]), rgb=UNKNOWN, text='And what about a fancy “gabor wavelet”?', units='height', win=Window(...), wrapWidth=1)
20.8186 	EXP 	window1: mouseVisible = True
20.8531 	EXP 	Created gabor_stim = GratingStim(__class__=<class 'psychopy.visual.grating.GratingStim'>, anchor='center', autoDraw=False, autoLog=True, blendmode='avg', color=array([1., 1., 1.]), colorSpace='rgb', contrast=1.0, depth=-1.0, draggable=False, interpolate=True, mask='gauss', maskParams=None, name='gabor_stim', opacity=1.0, ori=0.0, phase=array([0., 0.]), pos=array([0., 0.]), rgbPedestal=array([0., 0., 0.]), sf=array([10., 10.]), size=array([0.5, 0.5]), tex='sin', texRes=512, units='height', win=Window(...))
20.8533 	EXP 	window1: mouseVisible = True
20.8615 	EXP 	Created txt1 = TextStim(__class__=<class 'psychopy.visual.text.TextStim'>, alignHoriz=method-wrapper(...), alignText='center', alignVert=method-wrapper(...), anchorHoriz='center', anchorVert='center', antialias=True, autoDraw=False, autoLog=True, bold=False, color=array([1., 1., 1.]), colorSpace='rgb', contrast=1.0, depth=0.0, draggable=False, flipHoriz=False, flipVert=False, font='Arial', fontFiles=[], height=0.075, italic=False, languageStyle='LTR', name='txt1', opacity=1.0, ori=0, pos=array([0., 0.]), rgb=UNKNOWN, text=str(...), units='height', win=Window(...), wrapWidth=1)
20.8617 	EXP 	window1: mouseVisible = True
20.8660 	EXP 	Created txt2 = TextStim(__class__=<class 'psychopy.visual.text.TextStim'>, alignHoriz=method-wrapper(...), alignText='center', alignVert=method-wrapper(...), anchorHoriz='center', anchorVert='center', antialias=True, autoDraw=False, autoLog=True, bold=False, color=array([1., 1., 1.]), colorSpace='rgb', contrast=1.0, depth=-1.0, draggable=False, flipHoriz=False, flipVert=False, font='Arial', fontFiles=[], height=0.075, italic=False, languageStyle='LTR', name='txt2', opacity=1.0, ori=0, pos=array([0., 0.]), rgb=UNKNOWN, text='But let’s stop here …', units='height', win=Window(...), wrapWidth=1)
20.8661 	EXP 	window1: mouseVisible = True
20.8708 	EXP 	Created txt3 = TextStim(__class__=<class 'psychopy.visual.text.TextStim'>, alignHoriz=method-wrapper(...), alignText='center', alignVert=method-wrapper(...), anchorHoriz='center', anchorVert='center', antialias=True, autoDraw=False, autoLog=True, bold=False, color=array([1., 1., 1.]), colorSpace='rgb', contrast=1.0, depth=-2.0, draggable=False, flipHoriz=False, flipVert=False, font='Arial', fontFiles=[], height=0.1, italic=False, languageStyle='LTR', name='txt3', opacity=1.0, ori=0, pos=array([0., 0.]), rgb=UNKNOWN, text='Goodbye!', units='height', win=Window(...), wrapWidth=1)
0.0477 	EXP 	hello: autoDraw = True
2.0101 	EXP 	welcome: autoDraw = True
2.0615 	EXP 	hello: autoDraw = False
4.0096 	INFO 	Keyboard events cleared
4.0092 	EXP 	welcome: autoDraw = False
4.0092 	EXP 	wait_key: autoDraw = True
68.1799 	EXP 	window1: mouseVisible = True
68.1814 	DEBUG 	Saving data for intropy_demo ExperimentHandler
68.1822 	INFO 	saved data to C:\Users\Alex\Desktop\CVC\PyschoPy Files\DEMO 1\data/sub-01_2_intropy_demo.psydat
68.1829 	INFO 	saved data to 'C:\\Users\\Alex\\Desktop\\CVC\\PyschoPy Files\\DEMO 1\\data/sub-01_2_intropy_demo.csv'
