6.6353 	INFO 	Loaded monitor calibration from ['2024_02_14 11:30']
7.8850 	DEBUG 	TextBox2 loaded 1 chars with 0 blanks and 1 valid
7.8865 	DEBUG 	TextBox2 loaded 1 chars with 0 blanks and 1 valid
7.8891 	DEBUG 	TextBox2 loaded 1 chars with 0 blanks and 1 valid
7.8921 	DEBUG 	TextBox2 loaded 1 chars with 0 blanks and 1 valid
7.8943 	DEBUG 	TextBox2 loaded 1 chars with 0 blanks and 1 valid
7.8954 	DEBUG 	TextBox2 loaded 1 chars with 0 blanks and 1 valid
7.8971 	DEBUG 	TextBox2 loaded 1 chars with 0 blanks and 1 valid
7.8991 	DEBUG 	TextBox2 loaded 1 chars with 0 blanks and 1 valid
7.8999 	DEBUG 	TextBox2 loaded 1 chars with 0 blanks and 1 valid
7.9007 	DEBUG 	TextBox2 loaded 1 chars with 0 blanks and 1 valid
7.9023 	DEBUG 	TextBox2 loaded 1 chars with 0 blanks and 1 valid
7.9039 	DEBUG 	TextBox2 loaded 1 chars with 0 blanks and 1 valid
7.9065 	DEBUG 	TextBox2 loaded 1 chars with 0 blanks and 1 valid
7.9087 	DEBUG 	TextBox2 loaded 1 chars with 0 blanks and 1 valid
7.9105 	DEBUG 	TextBox2 loaded 1 chars with 0 blanks and 1 valid
7.9122 	DEBUG 	TextBox2 loaded 1 chars with 0 blanks and 1 valid
7.9138 	DEBUG 	TextBox2 loaded 1 chars with 0 blanks and 1 valid
7.9147 	DEBUG 	TextBox2 loaded 1 chars with 0 blanks and 1 valid
7.9158 	DEBUG 	TextBox2 loaded 1 chars with 0 blanks and 1 valid
7.9180 	DEBUG 	TextBox2 loaded 1 chars with 0 blanks and 1 valid
7.9189 	DEBUG 	TextBox2 loaded 1 chars with 0 blanks and 1 valid
7.9192 	DEBUG 	Uploading Texture Font fontname to graphics card
7.9273 	DEBUG 	Upload of Texture Font fontname complete
7.9433 	DEBUG 	TextBox2 loaded 1 chars with 0 blanks and 1 valid
7.9455 	DEBUG 	TextBox2 loaded 1 chars with 0 blanks and 1 valid
7.9477 	DEBUG 	TextBox2 loaded 1 chars with 0 blanks and 1 valid
7.9479 	DEBUG 	Uploading Texture Font fontname to graphics card
7.9536 	DEBUG 	Upload of Texture Font fontname complete
8.3253 	EXP 	Created window1 = Window(allowGUI=True, allowStencil=False, autoLog=True, backendConf=UNKNOWN, backgroundFit=<method-wrapper '__getattribute__' of attributeSetter object at 0x00000237DA06ECA0>, backgroundImage=<method-wrapper '__getattribute__' of attributeSetter object at 0x00000237DA06EC40>, bitsMode=UNKNOWN, blendMode='avg', bpc=(8, 8, 8), color=array([0, 0, 0]), colorSpace='rgb', depthBits=8, fullscr=<method-wrapper '__getattribute__' of attributeSetter object at 0x00000237DA06EA90>, gamma=None, gammaErrorPolicy='raise', lms=UNKNOWN, monitor=<psychopy.monitors.calibTools.Monitor object at 0x00000237DA423760>, multiSample=False, name='window1', numSamples=2, pos=(192, 108), screen=0, size=array([1536,  864]), stencilBits=0, stereo=False, title='PsychoPy', units='height', useFBO=True, useRetina=False, viewOri=0.0, viewPos=None, viewScale=None, waitBlanking=True, winType='pyglet')
8.3253 	EXP 	window1: mouseVisible = True
8.3254 	EXP 	window1: backgroundImage = ''
8.3254 	EXP 	window1: backgroundFit = 'none'
8.3270 	EXP 	window1: Attempting to measure frame rate of screen (0) ...
8.3270 	EXP 	window1: recordFrameIntervals = False
8.4919 	EXP 	window1: recordFrameIntervals = True
8.6750 	EXP 	Screen (0) actual frame rate measured at 60.13Hz
8.6751 	EXP 	window1: recordFrameIntervals = False
8.6755 	EXP 	window1: mouseVisible = True
8.7278 	WARNING 	launchHubServer: If using the iohub mouse or eyetracker devices, fullScr should be True.
11.2804 	INFO 	keyboard.Keyboard is using iohub backend.
11.2805 	EXP 	intropy_demo: status = STARTED
11.2807 	EXP 	window1: mouseVisible = True
11.4345 	EXP 	Created hello = TextStim(__class__=<class 'psychopy.visual.text.TextStim'>, alignHoriz=method-wrapper(...), alignText='center', alignVert=method-wrapper(...), anchorHoriz='center', anchorVert='center', antialias=True, autoDraw=False, autoLog=True, bold=False, color=array([1., 1., 1.]), colorSpace='rgb', contrast=1.0, depth=0.0, draggable=False, flipHoriz=False, flipVert=False, font='Arial', fontFiles=[], height=0.1, italic=False, languageStyle='LTR', name='hello', opacity=1.0, ori=0, pos=array([0., 0.]), rgb=UNKNOWN, text='Hello, dear Python aficionado.', units='height', win=Window(...), wrapWidth=1)
11.4346 	EXP 	window1: mouseVisible = True
11.4483 	EXP 	Created welcome = TextStim(__class__=<class 'psychopy.visual.text.TextStim'>, alignHoriz=method-wrapper(...), alignText='center', alignVert=method-wrapper(...), anchorHoriz='center', anchorVert='center', antialias=True, autoDraw=False, autoLog=True, bold=False, color=array([1., 1., 1.]), colorSpace='rgb', contrast=1.0, depth=-1.0, draggable=False, flipHoriz=False, flipVert=False, font='Arial', fontFiles=[], height=0.1, italic=False, languageStyle='LTR', name='welcome', opacity=1.0, ori=0, pos=array([0., 0.]), rgb=UNKNOWN, text=str(...), units='height', win=Window(...), wrapWidth=1)
11.4484 	EXP 	window1: mouseVisible = True
11.4644 	EXP 	Created wait_key = TextStim(__class__=<class 'psychopy.visual.text.TextStim'>, alignHoriz=method-wrapper(...), alignText='center', alignVert=method-wrapper(...), anchorHoriz='center', anchorVert='center', antialias=True, autoDraw=False, autoLog=True, bold=False, color=array([1., 1., 1.]), colorSpace='rgb', contrast=1.0, depth=-2.0, draggable=False, flipHoriz=False, flipVert=False, font='Arial', fontFiles=[], height=0.075, italic=False, languageStyle='LTR', name='wait_key', opacity=1.0, ori=0, pos=array([0., 0.]), rgb=UNKNOWN, text=str(...), units='height', win=Window(...), wrapWidth=1)
11.4645 	INFO 	keyboard.Keyboard is using iohub backend.
11.4646 	EXP 	window1: mouseVisible = True
11.4799 	EXP 	Created stim = ImageStim(__class__=<class 'psychopy.visual.image.ImageStim'>, anchor=('center', 'center'), autoLog=True, color=array([1., 1., 1.]), colorSpace='rgb', contrast=1.0, depth=0.0, draggable=False, flipHoriz=False, flipVert=False, image='default.png', interpolate=True, mask=None, maskParams=None, name='stim', opacity=1.0, ori=0.0, pos=array([0., 0.]), size=array([0.5, 0.5]), texRes=512, units='height', win=Window(...))
11.4801 	EXP 	window1: mouseVisible = True
11.4906 	EXP 	Created gabor_txt = TextStim(__class__=<class 'psychopy.visual.text.TextStim'>, alignHoriz=method-wrapper(...), alignText='center', alignVert=method-wrapper(...), anchorHoriz='center', anchorVert='center', antialias=True, autoDraw=False, autoLog=True, bold=False, color=array([1., 1., 1.]), colorSpace='rgb', contrast=1.0, depth=0.0, draggable=False, flipHoriz=False, flipVert=False, font='Arial', fontFiles=[], height=0.1, italic=False, languageStyle='LTR', name='gabor_txt', opacity=1.0, ori=0, pos=array([0., 0.]), rgb=UNKNOWN, text='And what about a fancy “gabor wavelet”?', units='height', win=Window(...), wrapWidth=1)
11.4907 	EXP 	window1: mouseVisible = True
11.5281 	EXP 	Created gabor_stim = GratingStim(__class__=<class 'psychopy.visual.grating.GratingStim'>, anchor='center', autoDraw=False, autoLog=True, blendmode='avg', color=array([1., 1., 1.]), colorSpace='rgb', contrast=1.0, depth=-1.0, draggable=False, interpolate=True, mask='gauss', maskParams=None, name='gabor_stim', opacity=1.0, ori=0.0, phase=array([0., 0.]), pos=array([0., 0.]), rgbPedestal=array([0., 0., 0.]), sf=array([10., 10.]), size=array([0.5, 0.5]), tex='sin', texRes=512, units='height', win=Window(...))
11.5283 	EXP 	window1: mouseVisible = True
11.5400 	EXP 	Created txt1 = TextStim(__class__=<class 'psychopy.visual.text.TextStim'>, alignHoriz=method-wrapper(...), alignText='center', alignVert=method-wrapper(...), anchorHoriz='center', anchorVert='center', antialias=True, autoDraw=False, autoLog=True, bold=False, color=array([1., 1., 1.]), colorSpace='rgb', contrast=1.0, depth=0.0, draggable=False, flipHoriz=False, flipVert=False, font='Arial', fontFiles=[], height=0.075, italic=False, languageStyle='LTR', name='txt1', opacity=1.0, ori=0, pos=array([0., 0.]), rgb=UNKNOWN, text=str(...), units='height', win=Window(...), wrapWidth=1)
11.5403 	EXP 	window1: mouseVisible = True
11.5456 	EXP 	Created txt2 = TextStim(__class__=<class 'psychopy.visual.text.TextStim'>, alignHoriz=method-wrapper(...), alignText='center', alignVert=method-wrapper(...), anchorHoriz='center', anchorVert='center', antialias=True, autoDraw=False, autoLog=True, bold=False, color=array([1., 1., 1.]), colorSpace='rgb', contrast=1.0, depth=-1.0, draggable=False, flipHoriz=False, flipVert=False, font='Arial', fontFiles=[], height=0.075, italic=False, languageStyle='LTR', name='txt2', opacity=1.0, ori=0, pos=array([0., 0.]), rgb=UNKNOWN, text='But let’s stop here …', units='height', win=Window(...), wrapWidth=1)
11.5457 	EXP 	window1: mouseVisible = True
11.5515 	EXP 	Created txt3 = TextStim(__class__=<class 'psychopy.visual.text.TextStim'>, alignHoriz=method-wrapper(...), alignText='center', alignVert=method-wrapper(...), anchorHoriz='center', anchorVert='center', antialias=True, autoDraw=False, autoLog=True, bold=False, color=array([1., 1., 1.]), colorSpace='rgb', contrast=1.0, depth=-2.0, draggable=False, flipHoriz=False, flipVert=False, font='Arial', fontFiles=[], height=0.1, italic=False, languageStyle='LTR', name='txt3', opacity=1.0, ori=0, pos=array([0., 0.]), rgb=UNKNOWN, text='Goodbye!', units='height', win=Window(...), wrapWidth=1)
0.0465 	EXP 	hello: autoDraw = True
2.0069 	EXP 	welcome: autoDraw = True
2.0573 	EXP 	hello: autoDraw = False
3.8829 	DATA 	Mouse: Left button down, pos=(853,43)
3.9596 	DATA 	Mouse:  Left button up, pos=(853,43)
4.0069 	INFO 	Keyboard events cleared
4.0066 	EXP 	welcome: autoDraw = False
4.0066 	EXP 	wait_key: autoDraw = True
5.7826 	DEBUG 	Read csv file with pandas: stimuli.csv
5.7838 	DEBUG 	Clearing unnamed columns from stimuli.csv
5.7840 	EXP 	Imported stimuli.csv as conditions, 3 conditions, 1 params
5.7845 	EXP 	Created sequence: random, trialTypes=3, nReps=1, seed=None
5.7847 	EXP 	New trial (rep=0, index=0): OrderedDict([('image', 'Python.png')])
5.8287 	DATA 	Keypress: return
5.8421 	EXP 	hello: autoDraw = False
5.8421 	EXP 	welcome: autoDraw = False
5.8421 	EXP 	wait_key: autoDraw = False
5.8421 	EXP 	stim: image = 'Python.png'
5.8421 	EXP 	stim: autoDraw = True
6.7904 	EXP 	New trial (rep=0, index=1): OrderedDict([('image', 'R.png')])
6.8215 	EXP 	stim: autoDraw = False
6.8215 	EXP 	stim: image = 'R.png'
6.8215 	EXP 	stim: autoDraw = True
7.7746 	EXP 	New trial (rep=0, index=2): OrderedDict([('image', 'Matlab.png')])
7.8044 	EXP 	stim: autoDraw = False
7.8044 	EXP 	stim: image = 'Matlab.png'
7.8044 	EXP 	stim: autoDraw = True
8.8064 	EXP 	stim: autoDraw = False
8.8064 	EXP 	gabor_txt: autoDraw = True
10.8050 	EXP 	gabor_stim: autoDraw = True
10.8050 	EXP 	gabor_stim: tex = 'sin'
10.8238 	EXP 	gabor_txt: autoDraw = False
12.7902 	EXP 	gabor_txt: autoDraw = False
12.7902 	EXP 	gabor_stim: autoDraw = False
12.7902 	EXP 	txt1: autoDraw = True
14.7902 	EXP 	txt2: autoDraw = True
14.8064 	EXP 	txt1: autoDraw = False
16.7892 	EXP 	txt3: autoDraw = True
16.8058 	EXP 	txt2: autoDraw = False
17.7895 	EXP 	txt3: autoDraw = False
17.7895 	EXP 	txt1: autoDraw = False
17.7895 	EXP 	txt2: autoDraw = False
17.7895 	EXP 	txt3: autoDraw = False
17.7898 	EXP 	intropy_demo: status = STOPPED
17.7934 	INFO 	saved data to 'C:\\Users\\Alex\\Desktop\\CVC\\PyschoPy Files\\DEMO 1\\data/sub-01_29_intropy_demo.csv'
17.7942 	INFO 	saved data to C:\Users\Alex\Desktop\CVC\PyschoPy Files\DEMO 1\data/sub-01_29_intropy_demo.psydat
17.8308 	EXP 	window1: mouseVisible = True
18.2674 	DEBUG 	Saving data for intropy_demo ExperimentHandler
